<?xml version="1.0" encoding="UTF-8"?>
<!-- Generated by org.testng.reporters.JUnitReportReporter -->
<testsuite hostname="Hp" failures="0" tests="1" name="GithubPipeline_task.AppTest" time="0.005" errors="0" timestamp="2024-03-31T09:45:14 IST" skipped="0">
  <testcase classname="GithubPipeline_task.AppTest" name="apptest" time="0.005"/>
</testsuite> <!-- GithubPipeline_task.AppTest -->
